0 info it worked if it ends with ok
1 verbose cli [ '/home/jorge/.nvm/versions/node/v6.17.1/bin/node',
1 verbose cli   '/home/jorge/.nvm/versions/node/v6.17.1/bin/npm',
1 verbose cli   'run',
1 verbose cli   'dev' ]
2 info using npm@3.10.10
3 info using node@v6.17.1
4 verbose run-script [ 'predev', 'dev', 'postdev' ]
5 info lifecycle home@0.0.0~predev: home@0.0.0
6 silly lifecycle home@0.0.0~predev: no script for predev, continuing
7 info lifecycle home@0.0.0~dev: home@0.0.0
8 verbose lifecycle home@0.0.0~dev: unsafe-perm in lifecycle true
9 verbose lifecycle home@0.0.0~dev: PATH: /home/jorge/.nvm/versions/node/v6.17.1/lib/node_modules/npm/bin/node-gyp-bin:/home/jorge/DEV/home/node_modules/.bin:/home/jorge/.nvm/versions/node/v6.17.1/bin:/usr/local/sbin:/usr/local/bin:/usr/sbin:/usr/bin:/sbin:/bin:/usr/games:/usr/local/games:/snap/bin:/home/jorge/Android/Sdk/tools:/home/jorge/Android/Sdk/platform-tools:/home/jorge/Android/Sdk/cmdline-tools/latest/bin:/usr/lib/jvm/java-1.8.0-openjdk-amd64/bin
10 verbose lifecycle home@0.0.0~dev: CWD: /home/jorge/DEV/home
11 silly lifecycle home@0.0.0~dev: Args: [ '-c', 'vite' ]
12 silly lifecycle home@0.0.0~dev: Returned: code: 1  signal: null
13 info lifecycle home@0.0.0~dev: Failed to exec dev script
14 verbose stack Error: home@0.0.0 dev: `vite`
14 verbose stack Exit status 1
14 verbose stack     at EventEmitter.<anonymous> (/home/jorge/.nvm/versions/node/v6.17.1/lib/node_modules/npm/lib/utils/lifecycle.js:255:16)
14 verbose stack     at emitTwo (events.js:106:13)
14 verbose stack     at EventEmitter.emit (events.js:191:7)
14 verbose stack     at ChildProcess.<anonymous> (/home/jorge/.nvm/versions/node/v6.17.1/lib/node_modules/npm/lib/utils/spawn.js:40:14)
14 verbose stack     at emitTwo (events.js:106:13)
14 verbose stack     at ChildProcess.emit (events.js:191:7)
14 verbose stack     at maybeClose (internal/child_process.js:920:16)
14 verbose stack     at Process.ChildProcess._handle.onexit (internal/child_process.js:230:5)
15 verbose pkgid home@0.0.0
16 verbose cwd /home/jorge/DEV/home
17 error Linux 5.4.0-91-generic
18 error argv "/home/jorge/.nvm/versions/node/v6.17.1/bin/node" "/home/jorge/.nvm/versions/node/v6.17.1/bin/npm" "run" "dev"
19 error node v6.17.1
20 error npm  v3.10.10
21 error code ELIFECYCLE
22 error home@0.0.0 dev: `vite`
22 error Exit status 1
23 error Failed at the home@0.0.0 dev script 'vite'.
23 error Make sure you have the latest version of node.js and npm installed.
23 error If you do, this is most likely a problem with the home package,
23 error not with npm itself.
23 error Tell the author that this fails on your system:
23 error     vite
23 error You can get information on how to open an issue for this project with:
23 error     npm bugs home
23 error Or if that isn't available, you can get their info via:
23 error     npm owner ls home
23 error There is likely additional logging output above.
24 verbose exit [ 1, true ]
